<?xml version="1.0" encoding="UTF-8"?>
<coverage generated="1571240780659" clover="3.2.0">
  <project timestamp="1571240780659" name="All files">
    <metrics statements="58" coveredstatements="56" conditionals="41" coveredconditionals="39" methods="7" coveredmethods="7" elements="106" coveredelements="102" complexity="0" loc="58" ncloc="58" packages="4" files="5" classes="5"/>
    <package name="actions">
      <metrics statements="4" coveredstatements="4" conditionals="0" coveredconditionals="0" methods="0" coveredmethods="0"/>
      <file name="actionTypes.js" path="/Users/bryanfong/Desktop/coding/Other Projects/tic-tac-toe/src/actions/actionTypes.js">
        <metrics statements="4" coveredstatements="4" conditionals="0" coveredconditionals="0" methods="0" coveredmethods="0"/>
        <line num="10" count="1" type="stmt"/>
        <line num="11" count="1" type="stmt"/>
        <line num="12" count="1" type="stmt"/>
        <line num="13" count="1" type="stmt"/>
      </file>
    </package>
    <package name="components">
      <metrics statements="3" coveredstatements="3" conditionals="0" coveredconditionals="0" methods="2" coveredmethods="2"/>
      <file name="Square.jsx" path="/Users/bryanfong/Desktop/coding/Other Projects/tic-tac-toe/src/components/Square.jsx">
        <metrics statements="3" coveredstatements="3" conditionals="0" coveredconditionals="0" methods="2" coveredmethods="2"/>
        <line num="13" count="1" type="stmt"/>
        <line num="14" count="1" type="stmt"/>
        <line num="19" count="1" type="stmt"/>
      </file>
    </package>
    <package name="reducers">
      <metrics statements="27" coveredstatements="27" conditionals="20" coveredconditionals="19" methods="1" coveredmethods="1"/>
      <file name="gameReducer.js" path="/Users/bryanfong/Desktop/coding/Other Projects/tic-tac-toe/src/reducers/gameReducer.js">
        <metrics statements="27" coveredstatements="27" conditionals="20" coveredconditionals="19" methods="1" coveredmethods="1"/>
        <line num="13" count="1" type="stmt"/>
        <line num="23" count="1" type="cond" truecount="1" falsecount="0"/>
        <line num="27" count="21" type="cond" truecount="5" falsecount="0"/>
        <line num="29" count="1" type="stmt"/>
        <line num="30" count="1" type="stmt"/>
        <line num="31" count="1" type="stmt"/>
        <line num="32" count="1" type="stmt"/>
        <line num="33" count="1" type="stmt"/>
        <line num="34" count="1" type="stmt"/>
        <line num="35" count="1" type="stmt"/>
        <line num="38" count="9" type="stmt"/>
        <line num="39" count="9" type="stmt"/>
        <line num="40" count="9" type="cond" truecount="4" falsecount="0"/>
        <line num="41" count="6" type="stmt"/>
        <line num="42" count="6" type="cond" truecount="2" falsecount="0"/>
        <line num="43" count="6" type="stmt"/>
        <line num="44" count="6" type="stmt"/>
        <line num="46" count="3" type="stmt"/>
        <line num="50" count="7" type="stmt"/>
        <line num="51" count="7" type="cond" truecount="2" falsecount="0"/>
        <line num="52" count="3" type="stmt"/>
        <line num="53" count="4" type="cond" truecount="2" falsecount="0"/>
        <line num="54" count="3" type="stmt"/>
        <line num="56" count="1" type="stmt"/>
        <line num="60" count="2" type="cond" truecount="3" falsecount="1"/>
        <line num="61" count="2" type="stmt"/>
        <line num="65" count="2" type="stmt"/>
      </file>
    </package>
    <package name="utils">
      <metrics statements="24" coveredstatements="22" conditionals="21" coveredconditionals="20" methods="4" coveredmethods="4"/>
      <file name="checkWinner.js" path="/Users/bryanfong/Desktop/coding/Other Projects/tic-tac-toe/src/utils/checkWinner.js">
        <metrics statements="7" coveredstatements="7" conditionals="9" coveredconditionals="9" methods="1" coveredmethods="1"/>
        <line num="13" count="2" type="stmt"/>
        <line num="25" count="238" type="stmt"/>
        <line num="26" count="1791" type="stmt"/>
        <line num="27" count="1791" type="cond" truecount="5" falsecount="0"/>
        <line num="28" count="1381" type="cond" truecount="4" falsecount="0"/>
        <line num="29" count="27" type="stmt"/>
        <line num="33" count="211" type="stmt"/>
      </file>
      <file name="cpuNextMove.js" path="/Users/bryanfong/Desktop/coding/Other Projects/tic-tac-toe/src/utils/cpuNextMove.js">
        <metrics statements="17" coveredstatements="15" conditionals="12" coveredconditionals="11" methods="3" coveredmethods="3"/>
        <line num="17" count="18" type="stmt"/>
        <line num="18" count="162" type="cond" truecount="2" falsecount="0"/>
        <line num="19" count="162" type="stmt"/>
        <line num="28" count="18" type="stmt"/>
        <line num="29" count="18" type="stmt"/>
        <line num="30" count="18" type="stmt"/>
        <line num="32" count="18" type="stmt"/>
        <line num="33" count="113" type="stmt"/>
        <line num="34" count="113" type="stmt"/>
        <line num="35" count="113" type="cond" truecount="2" falsecount="0"/>
        <line num="36" count="113" type="stmt"/>
        <line num="37" count="113" type="cond" truecount="2" falsecount="0"/>
        <line num="40" count="18" type="cond" truecount="2" falsecount="0"/>
        <line num="41" count="8" type="cond" truecount="2" falsecount="0"/>
        <line num="43" count="3" type="cond" truecount="1" falsecount="1"/>
        <line num="44" count="0" type="stmt"/>
        <line num="45" count="0" type="stmt"/>
      </file>
    </package>
  </project>
</coverage>
