{"/Users/bryanfong/Desktop/coding/Other Projects/tic-tac-toe/src/actions/actionTypes.js": {"path":"/Users/bryanfong/Desktop/coding/Other Projects/tic-tac-toe/src/actions/actionTypes.js","statementMap":{"0":{"start":{"line":10,"column":28},"end":{"line":10,"column":42}},"1":{"start":{"line":11,"column":30},"end":{"line":11,"column":46}},"2":{"start":{"line":12,"column":30},"end":{"line":12,"column":46}},"3":{"start":{"line":13,"column":24},"end":{"line":13,"column":34}}},"fnMap":{},"branchMap":{},"s":{"0":1,"1":1,"2":1,"3":1},"f":{},"b":{},"_coverageSchema":"43e27e138ebf9cfc5966b082cf9a028302ed4184","hash":"39f0ea01b2d0ed381f0b97170a97461ec66e9713"}
,"/Users/bryanfong/Desktop/coding/Other Projects/tic-tac-toe/src/components/Square.jsx": {"path":"/Users/bryanfong/Desktop/coding/Other Projects/tic-tac-toe/src/components/Square.jsx","statementMap":{"0":{"start":{"line":13,"column":15},"end":{"line":17,"column":1}},"1":{"start":{"line":14,"column":2},"end":{"line":16,"column":11}},"2":{"start":{"line":14,"column":55},"end":{"line":14,"column":73}},"3":{"start":{"line":19,"column":0},"end":{"line":23,"column":1}}},"fnMap":{"0":{"name":"(anonymous_0)","decl":{"start":{"line":13,"column":15},"end":{"line":13,"column":16}},"loc":{"start":{"line":14,"column":2},"end":{"line":16,"column":11}},"line":14},"1":{"name":"(anonymous_1)","decl":{"start":{"line":14,"column":49},"end":{"line":14,"column":50}},"loc":{"start":{"line":14,"column":55},"end":{"line":14,"column":73}},"line":14}},"branchMap":{},"s":{"0":1,"1":1,"2":1,"3":1},"f":{"0":1,"1":1},"b":{},"_coverageSchema":"43e27e138ebf9cfc5966b082cf9a028302ed4184","hash":"ca06c8ba5ffe0698b0a277dfce453e9394b1b66f"}
,"/Users/bryanfong/Desktop/coding/Other Projects/tic-tac-toe/src/reducers/gameReducer.js": {"path":"/Users/bryanfong/Desktop/coding/Other Projects/tic-tac-toe/src/reducers/gameReducer.js","statementMap":{"0":{"start":{"line":13,"column":21},"end":{"line":21,"column":1}},"1":{"start":{"line":23,"column":20},"end":{"line":67,"column":1}},"2":{"start":{"line":27,"column":2},"end":{"line":66,"column":3}},"3":{"start":{"line":29,"column":6},"end":{"line":29,"column":51}},"4":{"start":{"line":30,"column":6},"end":{"line":30,"column":60}},"5":{"start":{"line":31,"column":6},"end":{"line":31,"column":29}},"6":{"start":{"line":32,"column":6},"end":{"line":32,"column":26}},"7":{"start":{"line":33,"column":6},"end":{"line":33,"column":27}},"8":{"start":{"line":34,"column":6},"end":{"line":34,"column":25}},"9":{"start":{"line":35,"column":6},"end":{"line":35,"column":22}},"10":{"start":{"line":38,"column":6},"end":{"line":38,"column":51}},"11":{"start":{"line":39,"column":6},"end":{"line":39,"column":29}},"12":{"start":{"line":40,"column":6},"end":{"line":47,"column":7}},"13":{"start":{"line":41,"column":8},"end":{"line":41,"column":42}},"14":{"start":{"line":42,"column":8},"end":{"line":42,"column":58}},"15":{"start":{"line":43,"column":8},"end":{"line":43,"column":28}},"16":{"start":{"line":44,"column":8},"end":{"line":44,"column":24}},"17":{"start":{"line":46,"column":8},"end":{"line":46,"column":21}},"18":{"start":{"line":50,"column":21},"end":{"line":50,"column":35}},"19":{"start":{"line":51,"column":6},"end":{"line":57,"column":7}},"20":{"start":{"line":52,"column":8},"end":{"line":52,"column":87}},"21":{"start":{"line":53,"column":13},"end":{"line":57,"column":7}},"22":{"start":{"line":54,"column":8},"end":{"line":54,"column":85}},"23":{"start":{"line":56,"column":8},"end":{"line":56,"column":21}},"24":{"start":{"line":60,"column":6},"end":{"line":62,"column":7}},"25":{"start":{"line":61,"column":8},"end":{"line":61,"column":57}},"26":{"start":{"line":65,"column":6},"end":{"line":65,"column":19}}},"fnMap":{"0":{"name":"(anonymous_0)","decl":{"start":{"line":23,"column":20},"end":{"line":23,"column":21}},"loc":{"start":{"line":23,"column":54},"end":{"line":67,"column":1}},"line":23}},"branchMap":{"0":{"loc":{"start":{"line":23,"column":21},"end":{"line":23,"column":41}},"type":"default-arg","locations":[{"start":{"line":23,"column":29},"end":{"line":23,"column":41}}],"line":23},"1":{"loc":{"start":{"line":27,"column":2},"end":{"line":66,"column":3}},"type":"switch","locations":[{"start":{"line":28,"column":4},"end":{"line":35,"column":22}},{"start":{"line":37,"column":4},"end":{"line":47,"column":7}},{"start":{"line":49,"column":4},"end":{"line":57,"column":7}},{"start":{"line":59,"column":4},"end":{"line":62,"column":7}},{"start":{"line":64,"column":4},"end":{"line":65,"column":19}}],"line":27},"2":{"loc":{"start":{"line":40,"column":6},"end":{"line":47,"column":7}},"type":"if","locations":[{"start":{"line":40,"column":6},"end":{"line":47,"column":7}},{"start":{"line":40,"column":6},"end":{"line":47,"column":7}}],"line":40},"3":{"loc":{"start":{"line":40,"column":10},"end":{"line":40,"column":54}},"type":"binary-expr","locations":[{"start":{"line":40,"column":10},"end":{"line":40,"column":38}},{"start":{"line":40,"column":42},"end":{"line":40,"column":54}}],"line":40},"4":{"loc":{"start":{"line":42,"column":24},"end":{"line":42,"column":57}},"type":"cond-expr","locations":[{"start":{"line":42,"column":48},"end":{"line":42,"column":51}},{"start":{"line":42,"column":54},"end":{"line":42,"column":57}}],"line":42},"5":{"loc":{"start":{"line":51,"column":6},"end":{"line":57,"column":7}},"type":"if","locations":[{"start":{"line":51,"column":6},"end":{"line":57,"column":7}},{"start":{"line":51,"column":6},"end":{"line":57,"column":7}}],"line":51},"6":{"loc":{"start":{"line":53,"column":13},"end":{"line":57,"column":7}},"type":"if","locations":[{"start":{"line":53,"column":13},"end":{"line":57,"column":7}},{"start":{"line":53,"column":13},"end":{"line":57,"column":7}}],"line":53},"7":{"loc":{"start":{"line":60,"column":6},"end":{"line":62,"column":7}},"type":"if","locations":[{"start":{"line":60,"column":6},"end":{"line":62,"column":7}},{"start":{"line":60,"column":6},"end":{"line":62,"column":7}}],"line":60},"8":{"loc":{"start":{"line":60,"column":10},"end":{"line":60,"column":50}},"type":"binary-expr","locations":[{"start":{"line":60,"column":10},"end":{"line":60,"column":27}},{"start":{"line":60,"column":31},"end":{"line":60,"column":50}}],"line":60}},"s":{"0":1,"1":1,"2":21,"3":1,"4":1,"5":1,"6":1,"7":1,"8":1,"9":1,"10":9,"11":9,"12":9,"13":6,"14":6,"15":6,"16":6,"17":3,"18":7,"19":7,"20":3,"21":4,"22":3,"23":1,"24":2,"25":2,"26":2},"f":{"0":21},"b":{"0":[1],"1":[1,9,7,2,2],"2":[6,3],"3":[9,6],"4":[3,3],"5":[3,4],"6":[3,1],"7":[2,0],"8":[2,2]},"_coverageSchema":"43e27e138ebf9cfc5966b082cf9a028302ed4184","hash":"74de5a36f844850a5e5b4dc3e310b725523398f5"}
,"/Users/bryanfong/Desktop/coding/Other Projects/tic-tac-toe/src/utils/checkWinner.js": {"path":"/Users/bryanfong/Desktop/coding/Other Projects/tic-tac-toe/src/utils/checkWinner.js","statementMap":{"0":{"start":{"line":13,"column":18},"end":{"line":22,"column":1}},"1":{"start":{"line":25,"column":2},"end":{"line":32,"column":3}},"2":{"start":{"line":25,"column":15},"end":{"line":25,"column":16}},"3":{"start":{"line":26,"column":16},"end":{"line":26,"column":28}},"4":{"start":{"line":27,"column":4},"end":{"line":31,"column":5}},"5":{"start":{"line":28,"column":6},"end":{"line":30,"column":7}},"6":{"start":{"line":29,"column":8},"end":{"line":29,"column":31}},"7":{"start":{"line":33,"column":2},"end":{"line":33,"column":15}}},"fnMap":{"0":{"name":"checkWinner","decl":{"start":{"line":24,"column":9},"end":{"line":24,"column":20}},"loc":{"start":{"line":24,"column":28},"end":{"line":34,"column":1}},"line":24}},"branchMap":{"0":{"loc":{"start":{"line":27,"column":4},"end":{"line":31,"column":5}},"type":"if","locations":[{"start":{"line":27,"column":4},"end":{"line":31,"column":5}},{"start":{"line":27,"column":4},"end":{"line":31,"column":5}}],"line":27},"1":{"loc":{"start":{"line":27,"column":8},"end":{"line":27,"column":82}},"type":"binary-expr","locations":[{"start":{"line":27,"column":8},"end":{"line":27,"column":30}},{"start":{"line":27,"column":34},"end":{"line":27,"column":56}},{"start":{"line":27,"column":60},"end":{"line":27,"column":82}}],"line":27},"2":{"loc":{"start":{"line":28,"column":6},"end":{"line":30,"column":7}},"type":"if","locations":[{"start":{"line":28,"column":6},"end":{"line":30,"column":7}},{"start":{"line":28,"column":6},"end":{"line":30,"column":7}}],"line":28},"3":{"loc":{"start":{"line":28,"column":10},"end":{"line":28,"column":84}},"type":"binary-expr","locations":[{"start":{"line":28,"column":10},"end":{"line":28,"column":45}},{"start":{"line":28,"column":49},"end":{"line":28,"column":84}}],"line":28}},"s":{"0":2,"1":238,"2":238,"3":1791,"4":1791,"5":1381,"6":27,"7":211},"f":{"0":238},"b":{"0":[1381,410],"1":[1791,957,555],"2":[27,1354],"3":[1381,343]},"_coverageSchema":"43e27e138ebf9cfc5966b082cf9a028302ed4184","hash":"c4fe1acaa35c64c2f38592c1ae4118762850b92a"}
,"/Users/bryanfong/Desktop/coding/Other Projects/tic-tac-toe/src/utils/cpuNextMove.js": {"path":"/Users/bryanfong/Desktop/coding/Other Projects/tic-tac-toe/src/utils/cpuNextMove.js","statementMap":{"0":{"start":{"line":17,"column":2},"end":{"line":20,"column":8}},"1":{"start":{"line":18,"column":4},"end":{"line":18,"column":37}},"2":{"start":{"line":18,"column":21},"end":{"line":18,"column":37}},"3":{"start":{"line":19,"column":4},"end":{"line":19,"column":15}},"4":{"start":{"line":28,"column":16},"end":{"line":28,"column":37}},"5":{"start":{"line":29,"column":12},"end":{"line":29,"column":14}},"6":{"start":{"line":30,"column":14},"end":{"line":30,"column":16}},"7":{"start":{"line":32,"column":2},"end":{"line":38,"column":3}},"8":{"start":{"line":32,"column":15},"end":{"line":32,"column":16}},"9":{"start":{"line":33,"column":15},"end":{"line":33,"column":48}},"10":{"start":{"line":34,"column":4},"end":{"line":34,"column":25}},"11":{"start":{"line":35,"column":4},"end":{"line":35,"column":54}},"12":{"start":{"line":35,"column":35},"end":{"line":35,"column":54}},"13":{"start":{"line":36,"column":4},"end":{"line":36,"column":25}},"14":{"start":{"line":37,"column":4},"end":{"line":37,"column":56}},"15":{"start":{"line":37,"column":35},"end":{"line":37,"column":56}},"16":{"start":{"line":40,"column":2},"end":{"line":41,"column":45}},"17":{"start":{"line":40,"column":22},"end":{"line":40,"column":36}},"18":{"start":{"line":41,"column":7},"end":{"line":41,"column":45}},"19":{"start":{"line":41,"column":29},"end":{"line":41,"column":45}},"20":{"start":{"line":43,"column":2},"end":{"line":43,"column":34}},"21":{"start":{"line":43,"column":25},"end":{"line":43,"column":34}},"22":{"start":{"line":44,"column":16},"end":{"line":44,"column":56}},"23":{"start":{"line":45,"column":2},"end":{"line":45,"column":22}}},"fnMap":{"0":{"name":"findAvailSpots","decl":{"start":{"line":16,"column":9},"end":{"line":16,"column":23}},"loc":{"start":{"line":16,"column":31},"end":{"line":21,"column":1}},"line":16},"1":{"name":"(anonymous_1)","decl":{"start":{"line":17,"column":22},"end":{"line":17,"column":23}},"loc":{"start":{"line":17,"column":44},"end":{"line":20,"column":3}},"line":17},"2":{"name":"cpuNextMove","decl":{"start":{"line":27,"column":9},"end":{"line":27,"column":20}},"loc":{"start":{"line":27,"column":28},"end":{"line":46,"column":1}},"line":27}},"branchMap":{"0":{"loc":{"start":{"line":18,"column":4},"end":{"line":18,"column":37}},"type":"if","locations":[{"start":{"line":18,"column":4},"end":{"line":18,"column":37}},{"start":{"line":18,"column":4},"end":{"line":18,"column":37}}],"line":18},"1":{"loc":{"start":{"line":35,"column":4},"end":{"line":35,"column":54}},"type":"if","locations":[{"start":{"line":35,"column":4},"end":{"line":35,"column":54}},{"start":{"line":35,"column":4},"end":{"line":35,"column":54}}],"line":35},"2":{"loc":{"start":{"line":37,"column":4},"end":{"line":37,"column":56}},"type":"if","locations":[{"start":{"line":37,"column":4},"end":{"line":37,"column":56}},{"start":{"line":37,"column":4},"end":{"line":37,"column":56}}],"line":37},"3":{"loc":{"start":{"line":40,"column":2},"end":{"line":41,"column":45}},"type":"if","locations":[{"start":{"line":40,"column":2},"end":{"line":41,"column":45}},{"start":{"line":40,"column":2},"end":{"line":41,"column":45}}],"line":40},"4":{"loc":{"start":{"line":41,"column":7},"end":{"line":41,"column":45}},"type":"if","locations":[{"start":{"line":41,"column":7},"end":{"line":41,"column":45}},{"start":{"line":41,"column":7},"end":{"line":41,"column":45}}],"line":41},"5":{"loc":{"start":{"line":43,"column":2},"end":{"line":43,"column":34}},"type":"if","locations":[{"start":{"line":43,"column":2},"end":{"line":43,"column":34}},{"start":{"line":43,"column":2},"end":{"line":43,"column":34}}],"line":43}},"s":{"0":18,"1":162,"2":113,"3":162,"4":18,"5":18,"6":18,"7":18,"8":18,"9":113,"10":113,"11":113,"12":10,"13":113,"14":113,"15":9,"16":18,"17":10,"18":8,"19":5,"20":3,"21":3,"22":0,"23":0},"f":{"0":18,"1":162,"2":18},"b":{"0":[113,49],"1":[10,103],"2":[9,104],"3":[10,8],"4":[5,3],"5":[3,0]},"_coverageSchema":"43e27e138ebf9cfc5966b082cf9a028302ed4184","hash":"8e8ea66a387f4414c3932e23e7d5f34c837e1621"}
}
