TN:
SF:/Users/bryanfong/Desktop/coding/Other Projects/tic-tac-toe/src/actions/actionTypes.js
FNF:0
FNH:0
DA:10,1
DA:11,1
DA:12,1
DA:13,1
LF:4
LH:4
BRF:0
BRH:0
end_of_record
TN:
SF:/Users/bryanfong/Desktop/coding/Other Projects/tic-tac-toe/src/components/Square.jsx
FN:13,(anonymous_0)
FN:14,(anonymous_1)
FNF:2
FNH:2
FNDA:1,(anonymous_0)
FNDA:1,(anonymous_1)
DA:13,1
DA:14,1
DA:19,1
LF:3
LH:3
BRF:0
BRH:0
end_of_record
TN:
SF:/Users/bryanfong/Desktop/coding/Other Projects/tic-tac-toe/src/reducers/gameReducer.js
FN:23,(anonymous_0)
FNF:1
FNH:1
FNDA:21,(anonymous_0)
DA:13,1
DA:23,1
DA:27,21
DA:29,1
DA:30,1
DA:31,1
DA:32,1
DA:33,1
DA:34,1
DA:35,1
DA:38,9
DA:39,9
DA:40,9
DA:41,6
DA:42,6
DA:43,6
DA:44,6
DA:46,3
DA:50,7
DA:51,7
DA:52,3
DA:53,4
DA:54,3
DA:56,1
DA:60,2
DA:61,2
DA:65,2
LF:27
LH:27
BRDA:23,0,0,1
BRDA:27,1,0,1
BRDA:27,1,1,9
BRDA:27,1,2,7
BRDA:27,1,3,2
BRDA:27,1,4,2
BRDA:40,2,0,6
BRDA:40,2,1,3
BRDA:40,3,0,9
BRDA:40,3,1,6
BRDA:42,4,0,3
BRDA:42,4,1,3
BRDA:51,5,0,3
BRDA:51,5,1,4
BRDA:53,6,0,3
BRDA:53,6,1,1
BRDA:60,7,0,2
BRDA:60,7,1,0
BRDA:60,8,0,2
BRDA:60,8,1,2
BRF:20
BRH:19
end_of_record
TN:
SF:/Users/bryanfong/Desktop/coding/Other Projects/tic-tac-toe/src/utils/checkWinner.js
FN:24,checkWinner
FNF:1
FNH:1
FNDA:238,checkWinner
DA:13,2
DA:25,238
DA:26,1791
DA:27,1791
DA:28,1381
DA:29,27
DA:33,211
LF:7
LH:7
BRDA:27,0,0,1381
BRDA:27,0,1,410
BRDA:27,1,0,1791
BRDA:27,1,1,957
BRDA:27,1,2,555
BRDA:28,2,0,27
BRDA:28,2,1,1354
BRDA:28,3,0,1381
BRDA:28,3,1,343
BRF:9
BRH:9
end_of_record
TN:
SF:/Users/bryanfong/Desktop/coding/Other Projects/tic-tac-toe/src/utils/cpuNextMove.js
FN:16,findAvailSpots
FN:17,(anonymous_1)
FN:27,cpuNextMove
FNF:3
FNH:3
FNDA:18,findAvailSpots
FNDA:162,(anonymous_1)
FNDA:18,cpuNextMove
DA:17,18
DA:18,162
DA:19,162
DA:28,18
DA:29,18
DA:30,18
DA:32,18
DA:33,113
DA:34,113
DA:35,113
DA:36,113
DA:37,113
DA:40,18
DA:41,8
DA:43,3
DA:44,0
DA:45,0
LF:17
LH:15
BRDA:18,0,0,113
BRDA:18,0,1,49
BRDA:35,1,0,10
BRDA:35,1,1,103
BRDA:37,2,0,9
BRDA:37,2,1,104
BRDA:40,3,0,10
BRDA:40,3,1,8
BRDA:41,4,0,5
BRDA:41,4,1,3
BRDA:43,5,0,3
BRDA:43,5,1,0
BRF:12
BRH:11
end_of_record
